 ⨯ Error: Cannot find module 'C:\Users\ntoya\Desktop\creative\web\super\.next\server\pages\_error.js'
Require stack:
- C:\Users\ntoya\Desktop\creative\web\super\node_modules\next\dist\server\require.js
- C:\Users\ntoya\Desktop\creative\web\super\node_modules\next\dist\server\next-server.js
- C:\Users\ntoya\Desktop\creative\web\super\node_modules\next\dist\server\next.js
- C:\Users\ntoya\Desktop\creative\web\super\node_modules\next\dist\server\lib\start-server.js
- C:\Users\ntoya\Desktop\creative\web\super\node_modules\next\dist\cli\next-start.js
    at Module.<anonymous> (node:internal/modules/cjs/loader:1421:15)
    at C:\Users\ntoya\Desktop\creative\web\super\node_modules\next\dist\server\require-hook.js:55:36
    at defaultResolveImpl (node:internal/modules/cjs/loader:1059:19)
    at resolveForCJSWithHooks (node:internal/modules/cjs/loader:1064:22)
    at Module._load (node:internal/modules/cjs/loader:1227:37)
    at TracingChannel.traceSync (node:diagnostics_channel:328:14)
    at wrapModuleLoad (node:internal/modules/cjs/loader:245:24)
    at Module.<anonymous> (node:internal/modules/cjs/loader:1504:12)
    at mod.require (C:\Users\ntoya\Desktop\creative\web\super\node_modules\next\dist\server\require-hook.js:65:28)
    at require (node:internal/modules/helpers:152:16) {
  code: 'MODULE_NOT_FOUND',
  requireStack: [
    'C:\\Users\\ntoya\\Desktop\\creative\\web\\super\\node_modules\\next\\dist\\server\\require.js',
    'C:\\Users\\ntoya\\Desktop\\creative\\web\\super\\node_modules\\next\\dist\\server\\next-server.js',
    'C:\\Users\\ntoya\\Desktop\\creative\\web\\super\\node_modules\\next\\dist\\server\\next.js',
    'C:\\Users\\ntoya\\Desktop\\creative\\web\\super\\node_modules\\next\\dist\\server\\lib\\start-server.js',
    'C:\\Users\\ntoya\\Desktop\\creative\\web\\super\\node_modules\\next\\dist\\cli\\next-start.js'
  ]
}
 ⨯ Error: Cannot find module 'C:\Users\ntoya\Desktop\creative\web\super\.next\server\pages\_error.js'
Require stack:
- C:\Users\ntoya\Desktop\creative\web\super\node_modules\next\dist\server\require.js
- C:\Users\ntoya\Desktop\creative\web\super\node_modules\next\dist\server\next-server.js
- C:\Users\ntoya\Desktop\creative\web\super\node_modules\next\dist\server\next.js
- C:\Users\ntoya\Desktop\creative\web\super\node_modules\next\dist\server\lib\start-server.js
- C:\Users\ntoya\Desktop\creative\web\super\node_modules\next\dist\cli\next-start.js
    at Module.<anonymous> (node:internal/modules/cjs/loader:1421:15)
    at C:\Users\ntoya\Desktop\creative\web\super\node_modules\next\dist\server\require-hook.js:55:36
    at defaultResolveImpl (node:internal/modules/cjs/loader:1059:19)
    at resolveForCJSWithHooks (node:internal/modules/cjs/loader:1064:22)
    at Module._load (node:internal/modules/cjs/loader:1227:37)
    at TracingChannel.traceSync (node:diagnostics_channel:328:14)
    at wrapModuleLoad (node:internal/modules/cjs/loader:245:24)
    at Module.<anonymous> (node:internal/modules/cjs/loader:1504:12)
    at mod.require (C:\Users\ntoya\Desktop\creative\web\super\node_modules\next\dist\server\require-hook.js:65:28)
    at require (node:internal/modules/helpers:152:16) {
  code: 'MODULE_NOT_FOUND',
  requireStack: [
    'C:\\Users\\ntoya\\Desktop\\creative\\web\\super\\node_modules\\next\\dist\\server\\require.js',
    'C:\\Users\\ntoya\\Desktop\\creative\\web\\super\\node_modules\\next\\dist\\server\\next-server.js',
    'C:\\Users\\ntoya\\Desktop\\creative\\web\\super\\node_modules\\next\\dist\\server\\next.js',
    'C:\\Users\\ntoya\\Desktop\\creative\\web\\super\\node_modules\\next\\dist\\server\\lib\\start-server.js',
    'C:\\Users\\ntoya\\Desktop\\creative\\web\\super\\node_modules\\next\\dist\\cli\\next-start.js'
  ]
}
 ⨯ Error: Cannot find module 'C:\Users\ntoya\Desktop\creative\web\super\.next\server\pages\_error.js'
Require stack:
- C:\Users\ntoya\Desktop\creative\web\super\node_modules\next\dist\server\require.js
- C:\Users\ntoya\Desktop\creative\web\super\node_modules\next\dist\server\next-server.js
- C:\Users\ntoya\Desktop\creative\web\super\node_modules\next\dist\server\next.js
- C:\Users\ntoya\Desktop\creative\web\super\node_modules\next\dist\server\lib\start-server.js
- C:\Users\ntoya\Desktop\creative\web\super\node_modules\next\dist\cli\next-start.js
    at Module.<anonymous> (node:internal/modules/cjs/loader:1421:15)
    at C:\Users\ntoya\Desktop\creative\web\super\node_modules\next\dist\server\require-hook.js:55:36
    at defaultResolveImpl (node:internal/modules/cjs/loader:1059:19)
    at resolveForCJSWithHooks (node:internal/modules/cjs/loader:1064:22)
    at Module._load (node:internal/modules/cjs/loader:1227:37)
    at TracingChannel.traceSync (node:diagnostics_channel:328:14)
    at wrapModuleLoad (node:internal/modules/cjs/loader:245:24)
    at Module.<anonymous> (node:internal/modules/cjs/loader:1504:12)
    at mod.require (C:\Users\ntoya\Desktop\creative\web\super\node_modules\next\dist\server\require-hook.js:65:28)
    at require (node:internal/modules/helpers:152:16) {
  code: 'MODULE_NOT_FOUND',
  requireStack: [
    'C:\\Users\\ntoya\\Desktop\\creative\\web\\super\\node_modules\\next\\dist\\server\\require.js',
    'C:\\Users\\ntoya\\Desktop\\creative\\web\\super\\node_modules\\next\\dist\\server\\next-server.js',
    'C:\\Users\\ntoya\\Desktop\\creative\\web\\super\\node_modules\\next\\dist\\server\\next.js',
    'C:\\Users\\ntoya\\Desktop\\creative\\web\\super\\node_modules\\next\\dist\\server\\lib\\start-server.js',
    'C:\\Users\\ntoya\\Desktop\\creative\\web\\super\\node_modules\\next\\dist\\cli\\next-start.js'
  ]
}
 ⨯ Error: Cannot find module 'C:\Users\ntoya\Desktop\creative\web\super\.next\server\pages\_error.js'
Require stack:
- C:\Users\ntoya\Desktop\creative\web\super\node_modules\next\dist\server\require.js
- C:\Users\ntoya\Desktop\creative\web\super\node_modules\next\dist\server\next-server.js
- C:\Users\ntoya\Desktop\creative\web\super\node_modules\next\dist\server\next.js
- C:\Users\ntoya\Desktop\creative\web\super\node_modules\next\dist\server\lib\start-server.js
- C:\Users\ntoya\Desktop\creative\web\super\node_modules\next\dist\cli\next-start.js
    at Module.<anonymous> (node:internal/modules/cjs/loader:1421:15)
    at C:\Users\ntoya\Desktop\creative\web\super\node_modules\next\dist\server\require-hook.js:55:36
    at defaultResolveImpl (node:internal/modules/cjs/loader:1059:19)
    at resolveForCJSWithHooks (node:internal/modules/cjs/loader:1064:22)
    at Module._load (node:internal/modules/cjs/loader:1227:37)
    at TracingChannel.traceSync (node:diagnostics_channel:328:14)
    at wrapModuleLoad (node:internal/modules/cjs/loader:245:24)
    at Module.<anonymous> (node:internal/modules/cjs/loader:1504:12)
    at mod.require (C:\Users\ntoya\Desktop\creative\web\super\node_modules\next\dist\server\require-hook.js:65:28)
    at require (node:internal/modules/helpers:152:16) {
  code: 'MODULE_NOT_FOUND',
  requireStack: [
    'C:\\Users\\ntoya\\Desktop\\creative\\web\\super\\node_modules\\next\\dist\\server\\require.js',
    'C:\\Users\\ntoya\\Desktop\\creative\\web\\super\\node_modules\\next\\dist\\server\\next-server.js',
    'C:\\Users\\ntoya\\Desktop\\creative\\web\\super\\node_modules\\next\\dist\\server\\next.js',
    'C:\\Users\\ntoya\\Desktop\\creative\\web\\super\\node_modules\\next\\dist\\server\\lib\\start-server.js',
    'C:\\Users\\ntoya\\Desktop\\creative\\web\\super\\node_modules\\next\\dist\\cli\\next-start.js'
  ]
}
 ⨯ Error: Cannot find module 'C:\Users\ntoya\Desktop\creative\web\super\.next\server\pages\_error.js'
Require stack:
- C:\Users\ntoya\Desktop\creative\web\super\node_modules\next\dist\server\require.js
- C:\Users\ntoya\Desktop\creative\web\super\node_modules\next\dist\server\next-server.js
- C:\Users\ntoya\Desktop\creative\web\super\node_modules\next\dist\server\next.js
- C:\Users\ntoya\Desktop\creative\web\super\node_modules\next\dist\server\lib\start-server.js
- C:\Users\ntoya\Desktop\creative\web\super\node_modules\next\dist\cli\next-start.js
    at Module.<anonymous> (node:internal/modules/cjs/loader:1421:15)
    at C:\Users\ntoya\Desktop\creative\web\super\node_modules\next\dist\server\require-hook.js:55:36
    at defaultResolveImpl (node:internal/modules/cjs/loader:1059:19)
    at resolveForCJSWithHooks (node:internal/modules/cjs/loader:1064:22)
    at Module._load (node:internal/modules/cjs/loader:1227:37)
    at TracingChannel.traceSync (node:diagnostics_channel:328:14)
    at wrapModuleLoad (node:internal/modules/cjs/loader:245:24)
    at Module.<anonymous> (node:internal/modules/cjs/loader:1504:12)
    at mod.require (C:\Users\ntoya\Desktop\creative\web\super\node_modules\next\dist\server\require-hook.js:65:28)
    at require (node:internal/modules/helpers:152:16) {
  code: 'MODULE_NOT_FOUND',
  requireStack: [
    'C:\\Users\\ntoya\\Desktop\\creative\\web\\super\\node_modules\\next\\dist\\server\\require.js',
    'C:\\Users\\ntoya\\Desktop\\creative\\web\\super\\node_modules\\next\\dist\\server\\next-server.js',
    'C:\\Users\\ntoya\\Desktop\\creative\\web\\super\\node_modules\\next\\dist\\server\\next.js',
    'C:\\Users\\ntoya\\Desktop\\creative\\web\\super\\node_modules\\next\\dist\\server\\lib\\start-server.js',
    'C:\\Users\\ntoya\\Desktop\\creative\\web\\super\\node_modules\\next\\dist\\cli\\next-start.js'
  ]
}
 ⨯ Error: Cannot find module 'C:\Users\ntoya\Desktop\creative\web\super\.next\server\pages\_error.js'
Require stack:
- C:\Users\ntoya\Desktop\creative\web\super\node_modules\next\dist\server\require.js
- C:\Users\ntoya\Desktop\creative\web\super\node_modules\next\dist\server\next-server.js
- C:\Users\ntoya\Desktop\creative\web\super\node_modules\next\dist\server\next.js
- C:\Users\ntoya\Desktop\creative\web\super\node_modules\next\dist\server\lib\start-server.js
- C:\Users\ntoya\Desktop\creative\web\super\node_modules\next\dist\cli\next-start.js
    at Module.<anonymous> (node:internal/modules/cjs/loader:1421:15)
    at C:\Users\ntoya\Desktop\creative\web\super\node_modules\next\dist\server\require-hook.js:55:36
    at defaultResolveImpl (node:internal/modules/cjs/loader:1059:19)
    at resolveForCJSWithHooks (node:internal/modules/cjs/loader:1064:22)
    at Module._load (node:internal/modules/cjs/loader:1227:37)
    at TracingChannel.traceSync (node:diagnostics_channel:328:14)
    at wrapModuleLoad (node:internal/modules/cjs/loader:245:24)
    at Module.<anonymous> (node:internal/modules/cjs/loader:1504:12)
    at mod.require (C:\Users\ntoya\Desktop\creative\web\super\node_modules\next\dist\server\require-hook.js:65:28)
    at require (node:internal/modules/helpers:152:16) {
  code: 'MODULE_NOT_FOUND',
  requireStack: [
    'C:\\Users\\ntoya\\Desktop\\creative\\web\\super\\node_modules\\next\\dist\\server\\require.js',
    'C:\\Users\\ntoya\\Desktop\\creative\\web\\super\\node_modules\\next\\dist\\server\\next-server.js',
    'C:\\Users\\ntoya\\Desktop\\creative\\web\\super\\node_modules\\next\\dist\\server\\next.js',
    'C:\\Users\\ntoya\\Desktop\\creative\\web\\super\\node_modules\\next\\dist\\server\\lib\\start-server.js',
    'C:\\Users\\ntoya\\Desktop\\creative\\web\\super\\node_modules\\next\\dist\\cli\\next-start.js'
  ]
}
 ⨯ Error: Cannot find module 'C:\Users\ntoya\Desktop\creative\web\super\.next\server\pages\_error.js'
Require stack:
- C:\Users\ntoya\Desktop\creative\web\super\node_modules\next\dist\server\require.js
- C:\Users\ntoya\Desktop\creative\web\super\node_modules\next\dist\server\next-server.js
- C:\Users\ntoya\Desktop\creative\web\super\node_modules\next\dist\server\next.js
- C:\Users\ntoya\Desktop\creative\web\super\node_modules\next\dist\server\lib\start-server.js
- C:\Users\ntoya\Desktop\creative\web\super\node_modules\next\dist\cli\next-start.js
    at Module.<anonymous> (node:internal/modules/cjs/loader:1421:15)
    at C:\Users\ntoya\Desktop\creative\web\super\node_modules\next\dist\server\require-hook.js:55:36
    at defaultResolveImpl (node:internal/modules/cjs/loader:1059:19)
    at resolveForCJSWithHooks (node:internal/modules/cjs/loader:1064:22)
    at Module._load (node:internal/modules/cjs/loader:1227:37)
    at TracingChannel.traceSync (node:diagnostics_channel:328:14)
    at wrapModuleLoad (node:internal/modules/cjs/loader:245:24)
    at Module.<anonymous> (node:internal/modules/cjs/loader:1504:12)
    at mod.require (C:\Users\ntoya\Desktop\creative\web\super\node_modules\next\dist\server\require-hook.js:65:28)
    at require (node:internal/modules/helpers:152:16) {
  code: 'MODULE_NOT_FOUND',
  requireStack: [
    'C:\\Users\\ntoya\\Desktop\\creative\\web\\super\\node_modules\\next\\dist\\server\\require.js',
    'C:\\Users\\ntoya\\Desktop\\creative\\web\\super\\node_modules\\next\\dist\\server\\next-server.js',
    'C:\\Users\\ntoya\\Desktop\\creative\\web\\super\\node_modules\\next\\dist\\server\\next.js',
    'C:\\Users\\ntoya\\Desktop\\creative\\web\\super\\node_modules\\next\\dist\\server\\lib\\start-server.js',
    'C:\\Users\\ntoya\\Desktop\\creative\\web\\super\\node_modules\\next\\dist\\cli\\next-start.js'
  ]
}
 ⨯ Error: Cannot find module 'C:\Users\ntoya\Desktop\creative\web\super\.next\server\pages\_error.js'
Require stack:
- C:\Users\ntoya\Desktop\creative\web\super\node_modules\next\dist\server\require.js
- C:\Users\ntoya\Desktop\creative\web\super\node_modules\next\dist\server\next-server.js
- C:\Users\ntoya\Desktop\creative\web\super\node_modules\next\dist\server\next.js
- C:\Users\ntoya\Desktop\creative\web\super\node_modules\next\dist\server\lib\start-server.js
- C:\Users\ntoya\Desktop\creative\web\super\node_modules\next\dist\cli\next-start.js
    at Module.<anonymous> (node:internal/modules/cjs/loader:1421:15)
    at C:\Users\ntoya\Desktop\creative\web\super\node_modules\next\dist\server\require-hook.js:55:36
    at defaultResolveImpl (node:internal/modules/cjs/loader:1059:19)
    at resolveForCJSWithHooks (node:internal/modules/cjs/loader:1064:22)
    at Module._load (node:internal/modules/cjs/loader:1227:37)
    at TracingChannel.traceSync (node:diagnostics_channel:328:14)
    at wrapModuleLoad (node:internal/modules/cjs/loader:245:24)
    at Module.<anonymous> (node:internal/modules/cjs/loader:1504:12)
    at mod.require (C:\Users\ntoya\Desktop\creative\web\super\node_modules\next\dist\server\require-hook.js:65:28)
    at require (node:internal/modules/helpers:152:16) {
  code: 'MODULE_NOT_FOUND',
  requireStack: [
    'C:\\Users\\ntoya\\Desktop\\creative\\web\\super\\node_modules\\next\\dist\\server\\require.js',
    'C:\\Users\\ntoya\\Desktop\\creative\\web\\super\\node_modules\\next\\dist\\server\\next-server.js',
    'C:\\Users\\ntoya\\Desktop\\creative\\web\\super\\node_modules\\next\\dist\\server\\next.js',
    'C:\\Users\\ntoya\\Desktop\\creative\\web\\super\\node_modules\\next\\dist\\server\\lib\\start-server.js',
    'C:\\Users\\ntoya\\Desktop\\creative\\web\\super\\node_modules\\next\\dist\\cli\\next-start.js'
  ]
}
 ⨯ Error: Cannot find module 'C:\Users\ntoya\Desktop\creative\web\super\.next\server\pages\_error.js'
Require stack:
- C:\Users\ntoya\Desktop\creative\web\super\node_modules\next\dist\server\require.js
- C:\Users\ntoya\Desktop\creative\web\super\node_modules\next\dist\server\next-server.js
- C:\Users\ntoya\Desktop\creative\web\super\node_modules\next\dist\server\next.js
- C:\Users\ntoya\Desktop\creative\web\super\node_modules\next\dist\server\lib\start-server.js
- C:\Users\ntoya\Desktop\creative\web\super\node_modules\next\dist\cli\next-start.js
    at Module.<anonymous> (node:internal/modules/cjs/loader:1421:15)
    at C:\Users\ntoya\Desktop\creative\web\super\node_modules\next\dist\server\require-hook.js:55:36
    at defaultResolveImpl (node:internal/modules/cjs/loader:1059:19)
    at resolveForCJSWithHooks (node:internal/modules/cjs/loader:1064:22)
    at Module._load (node:internal/modules/cjs/loader:1227:37)
    at TracingChannel.traceSync (node:diagnostics_channel:328:14)
    at wrapModuleLoad (node:internal/modules/cjs/loader:245:24)
    at Module.<anonymous> (node:internal/modules/cjs/loader:1504:12)
    at mod.require (C:\Users\ntoya\Desktop\creative\web\super\node_modules\next\dist\server\require-hook.js:65:28)
    at require (node:internal/modules/helpers:152:16) {
  code: 'MODULE_NOT_FOUND',
  requireStack: [
    'C:\\Users\\ntoya\\Desktop\\creative\\web\\super\\node_modules\\next\\dist\\server\\require.js',
    'C:\\Users\\ntoya\\Desktop\\creative\\web\\super\\node_modules\\next\\dist\\server\\next-server.js',
    'C:\\Users\\ntoya\\Desktop\\creative\\web\\super\\node_modules\\next\\dist\\server\\next.js',
    'C:\\Users\\ntoya\\Desktop\\creative\\web\\super\\node_modules\\next\\dist\\server\\lib\\start-server.js',
    'C:\\Users\\ntoya\\Desktop\\creative\\web\\super\\node_modules\\next\\dist\\cli\\next-start.js'
  ]
}
 ⨯ Error: Cannot find module 'C:\Users\ntoya\Desktop\creative\web\super\.next\server\pages\_error.js'
Require stack:
- C:\Users\ntoya\Desktop\creative\web\super\node_modules\next\dist\server\require.js
- C:\Users\ntoya\Desktop\creative\web\super\node_modules\next\dist\server\next-server.js
- C:\Users\ntoya\Desktop\creative\web\super\node_modules\next\dist\server\next.js
- C:\Users\ntoya\Desktop\creative\web\super\node_modules\next\dist\server\lib\start-server.js
- C:\Users\ntoya\Desktop\creative\web\super\node_modules\next\dist\cli\next-start.js
    at Module.<anonymous> (node:internal/modules/cjs/loader:1421:15)
    at C:\Users\ntoya\Desktop\creative\web\super\node_modules\next\dist\server\require-hook.js:55:36
    at defaultResolveImpl (node:internal/modules/cjs/loader:1059:19)
    at resolveForCJSWithHooks (node:internal/modules/cjs/loader:1064:22)
    at Module._load (node:internal/modules/cjs/loader:1227:37)
    at TracingChannel.traceSync (node:diagnostics_channel:328:14)
    at wrapModuleLoad (node:internal/modules/cjs/loader:245:24)
    at Module.<anonymous> (node:internal/modules/cjs/loader:1504:12)
    at mod.require (C:\Users\ntoya\Desktop\creative\web\super\node_modules\next\dist\server\require-hook.js:65:28)
    at require (node:internal/modules/helpers:152:16) {
  code: 'MODULE_NOT_FOUND',
  requireStack: [
    'C:\\Users\\ntoya\\Desktop\\creative\\web\\super\\node_modules\\next\\dist\\server\\require.js',
    'C:\\Users\\ntoya\\Desktop\\creative\\web\\super\\node_modules\\next\\dist\\server\\next-server.js',
    'C:\\Users\\ntoya\\Desktop\\creative\\web\\super\\node_modules\\next\\dist\\server\\next.js',
    'C:\\Users\\ntoya\\Desktop\\creative\\web\\super\\node_modules\\next\\dist\\server\\lib\\start-server.js',
    'C:\\Users\\ntoya\\Desktop\\creative\\web\\super\\node_modules\\next\\dist\\cli\\next-start.js'
  ]
}
 ⨯ Error: Cannot find module 'C:\Users\ntoya\Desktop\creative\web\super\.next\server\pages\_error.js'
Require stack:
- C:\Users\ntoya\Desktop\creative\web\super\node_modules\next\dist\server\require.js
- C:\Users\ntoya\Desktop\creative\web\super\node_modules\next\dist\server\next-server.js
- C:\Users\ntoya\Desktop\creative\web\super\node_modules\next\dist\server\next.js
- C:\Users\ntoya\Desktop\creative\web\super\node_modules\next\dist\server\lib\start-server.js
- C:\Users\ntoya\Desktop\creative\web\super\node_modules\next\dist\cli\next-start.js
    at Module.<anonymous> (node:internal/modules/cjs/loader:1421:15)
    at C:\Users\ntoya\Desktop\creative\web\super\node_modules\next\dist\server\require-hook.js:55:36
    at defaultResolveImpl (node:internal/modules/cjs/loader:1059:19)
    at resolveForCJSWithHooks (node:internal/modules/cjs/loader:1064:22)
    at Module._load (node:internal/modules/cjs/loader:1227:37)
    at TracingChannel.traceSync (node:diagnostics_channel:328:14)
    at wrapModuleLoad (node:internal/modules/cjs/loader:245:24)
    at Module.<anonymous> (node:internal/modules/cjs/loader:1504:12)
    at mod.require (C:\Users\ntoya\Desktop\creative\web\super\node_modules\next\dist\server\require-hook.js:65:28)
    at require (node:internal/modules/helpers:152:16) {
  code: 'MODULE_NOT_FOUND',
  requireStack: [
    'C:\\Users\\ntoya\\Desktop\\creative\\web\\super\\node_modules\\next\\dist\\server\\require.js',
    'C:\\Users\\ntoya\\Desktop\\creative\\web\\super\\node_modules\\next\\dist\\server\\next-server.js',
    'C:\\Users\\ntoya\\Desktop\\creative\\web\\super\\node_modules\\next\\dist\\server\\next.js',
    'C:\\Users\\ntoya\\Desktop\\creative\\web\\super\\node_modules\\next\\dist\\server\\lib\\start-server.js',
    'C:\\Users\\ntoya\\Desktop\\creative\\web\\super\\node_modules\\next\\dist\\cli\\next-start.js'
  ]
}
 ⨯ Error: Cannot find module 'C:\Users\ntoya\Desktop\creative\web\super\.next\server\pages\_error.js'
Require stack:
- C:\Users\ntoya\Desktop\creative\web\super\node_modules\next\dist\server\require.js
- C:\Users\ntoya\Desktop\creative\web\super\node_modules\next\dist\server\next-server.js
- C:\Users\ntoya\Desktop\creative\web\super\node_modules\next\dist\server\next.js
- C:\Users\ntoya\Desktop\creative\web\super\node_modules\next\dist\server\lib\start-server.js
- C:\Users\ntoya\Desktop\creative\web\super\node_modules\next\dist\cli\next-start.js
    at Module.<anonymous> (node:internal/modules/cjs/loader:1421:15)
    at C:\Users\ntoya\Desktop\creative\web\super\node_modules\next\dist\server\require-hook.js:55:36
    at defaultResolveImpl (node:internal/modules/cjs/loader:1059:19)
    at resolveForCJSWithHooks (node:internal/modules/cjs/loader:1064:22)
    at Module._load (node:internal/modules/cjs/loader:1227:37)
    at TracingChannel.traceSync (node:diagnostics_channel:328:14)
    at wrapModuleLoad (node:internal/modules/cjs/loader:245:24)
    at Module.<anonymous> (node:internal/modules/cjs/loader:1504:12)
    at mod.require (C:\Users\ntoya\Desktop\creative\web\super\node_modules\next\dist\server\require-hook.js:65:28)
    at require (node:internal/modules/helpers:152:16) {
  code: 'MODULE_NOT_FOUND',
  requireStack: [
    'C:\\Users\\ntoya\\Desktop\\creative\\web\\super\\node_modules\\next\\dist\\server\\require.js',
    'C:\\Users\\ntoya\\Desktop\\creative\\web\\super\\node_modules\\next\\dist\\server\\next-server.js',
    'C:\\Users\\ntoya\\Desktop\\creative\\web\\super\\node_modules\\next\\dist\\server\\next.js',
    'C:\\Users\\ntoya\\Desktop\\creative\\web\\super\\node_modules\\next\\dist\\server\\lib\\start-server.js',
    'C:\\Users\\ntoya\\Desktop\\creative\\web\\super\\node_modules\\next\\dist\\cli\\next-start.js'
  ]
}
 ⨯ Error: Cannot find module 'C:\Users\ntoya\Desktop\creative\web\super\.next\server\pages\_error.js'
Require stack:
- C:\Users\ntoya\Desktop\creative\web\super\node_modules\next\dist\server\require.js
- C:\Users\ntoya\Desktop\creative\web\super\node_modules\next\dist\server\next-server.js
- C:\Users\ntoya\Desktop\creative\web\super\node_modules\next\dist\server\next.js
- C:\Users\ntoya\Desktop\creative\web\super\node_modules\next\dist\server\lib\start-server.js
- C:\Users\ntoya\Desktop\creative\web\super\node_modules\next\dist\cli\next-start.js
    at Module.<anonymous> (node:internal/modules/cjs/loader:1421:15)
    at C:\Users\ntoya\Desktop\creative\web\super\node_modules\next\dist\server\require-hook.js:55:36
    at defaultResolveImpl (node:internal/modules/cjs/loader:1059:19)
    at resolveForCJSWithHooks (node:internal/modules/cjs/loader:1064:22)
    at Module._load (node:internal/modules/cjs/loader:1227:37)
    at TracingChannel.traceSync (node:diagnostics_channel:328:14)
    at wrapModuleLoad (node:internal/modules/cjs/loader:245:24)
    at Module.<anonymous> (node:internal/modules/cjs/loader:1504:12)
    at mod.require (C:\Users\ntoya\Desktop\creative\web\super\node_modules\next\dist\server\require-hook.js:65:28)
    at require (node:internal/modules/helpers:152:16) {
  code: 'MODULE_NOT_FOUND',
  requireStack: [
    'C:\\Users\\ntoya\\Desktop\\creative\\web\\super\\node_modules\\next\\dist\\server\\require.js',
    'C:\\Users\\ntoya\\Desktop\\creative\\web\\super\\node_modules\\next\\dist\\server\\next-server.js',
    'C:\\Users\\ntoya\\Desktop\\creative\\web\\super\\node_modules\\next\\dist\\server\\next.js',
    'C:\\Users\\ntoya\\Desktop\\creative\\web\\super\\node_modules\\next\\dist\\server\\lib\\start-server.js',
    'C:\\Users\\ntoya\\Desktop\\creative\\web\\super\\node_modules\\next\\dist\\cli\\next-start.js'
  ]
}
 ⨯ Error: Cannot find module 'C:\Users\ntoya\Desktop\creative\web\super\.next\server\pages\_error.js'
Require stack:
- C:\Users\ntoya\Desktop\creative\web\super\node_modules\next\dist\server\require.js
- C:\Users\ntoya\Desktop\creative\web\super\node_modules\next\dist\server\next-server.js
- C:\Users\ntoya\Desktop\creative\web\super\node_modules\next\dist\server\next.js
- C:\Users\ntoya\Desktop\creative\web\super\node_modules\next\dist\server\lib\start-server.js
- C:\Users\ntoya\Desktop\creative\web\super\node_modules\next\dist\cli\next-start.js
    at Module.<anonymous> (node:internal/modules/cjs/loader:1421:15)
    at C:\Users\ntoya\Desktop\creative\web\super\node_modules\next\dist\server\require-hook.js:55:36
    at defaultResolveImpl (node:internal/modules/cjs/loader:1059:19)
    at resolveForCJSWithHooks (node:internal/modules/cjs/loader:1064:22)
    at Module._load (node:internal/modules/cjs/loader:1227:37)
    at TracingChannel.traceSync (node:diagnostics_channel:328:14)
    at wrapModuleLoad (node:internal/modules/cjs/loader:245:24)
    at Module.<anonymous> (node:internal/modules/cjs/loader:1504:12)
    at mod.require (C:\Users\ntoya\Desktop\creative\web\super\node_modules\next\dist\server\require-hook.js:65:28)
    at require (node:internal/modules/helpers:152:16) {
  code: 'MODULE_NOT_FOUND',
  requireStack: [
    'C:\\Users\\ntoya\\Desktop\\creative\\web\\super\\node_modules\\next\\dist\\server\\require.js',
    'C:\\Users\\ntoya\\Desktop\\creative\\web\\super\\node_modules\\next\\dist\\server\\next-server.js',
    'C:\\Users\\ntoya\\Desktop\\creative\\web\\super\\node_modules\\next\\dist\\server\\next.js',
    'C:\\Users\\ntoya\\Desktop\\creative\\web\\super\\node_modules\\next\\dist\\server\\lib\\start-server.js',
    'C:\\Users\\ntoya\\Desktop\\creative\\web\\super\\node_modules\\next\\dist\\cli\\next-start.js'
  ]
}
 ⨯ Error: Cannot find module 'C:\Users\ntoya\Desktop\creative\web\super\.next\server\pages\_error.js'
Require stack:
- C:\Users\ntoya\Desktop\creative\web\super\node_modules\next\dist\server\require.js
- C:\Users\ntoya\Desktop\creative\web\super\node_modules\next\dist\server\next-server.js
- C:\Users\ntoya\Desktop\creative\web\super\node_modules\next\dist\server\next.js
- C:\Users\ntoya\Desktop\creative\web\super\node_modules\next\dist\server\lib\start-server.js
- C:\Users\ntoya\Desktop\creative\web\super\node_modules\next\dist\cli\next-start.js
    at Module.<anonymous> (node:internal/modules/cjs/loader:1421:15)
    at C:\Users\ntoya\Desktop\creative\web\super\node_modules\next\dist\server\require-hook.js:55:36
    at defaultResolveImpl (node:internal/modules/cjs/loader:1059:19)
    at resolveForCJSWithHooks (node:internal/modules/cjs/loader:1064:22)
    at Module._load (node:internal/modules/cjs/loader:1227:37)
    at TracingChannel.traceSync (node:diagnostics_channel:328:14)
    at wrapModuleLoad (node:internal/modules/cjs/loader:245:24)
    at Module.<anonymous> (node:internal/modules/cjs/loader:1504:12)
    at mod.require (C:\Users\ntoya\Desktop\creative\web\super\node_modules\next\dist\server\require-hook.js:65:28)
    at require (node:internal/modules/helpers:152:16) {
  code: 'MODULE_NOT_FOUND',
  requireStack: [
    'C:\\Users\\ntoya\\Desktop\\creative\\web\\super\\node_modules\\next\\dist\\server\\require.js',
    'C:\\Users\\ntoya\\Desktop\\creative\\web\\super\\node_modules\\next\\dist\\server\\next-server.js',
    'C:\\Users\\ntoya\\Desktop\\creative\\web\\super\\node_modules\\next\\dist\\server\\next.js',
    'C:\\Users\\ntoya\\Desktop\\creative\\web\\super\\node_modules\\next\\dist\\server\\lib\\start-server.js',
    'C:\\Users\\ntoya\\Desktop\\creative\\web\\super\\node_modules\\next\\dist\\cli\\next-start.js'
  ]
}
 ⨯ Error: Cannot find module 'C:\Users\ntoya\Desktop\creative\web\super\.next\server\pages\_error.js'
Require stack:
- C:\Users\ntoya\Desktop\creative\web\super\node_modules\next\dist\server\require.js
- C:\Users\ntoya\Desktop\creative\web\super\node_modules\next\dist\server\next-server.js
- C:\Users\ntoya\Desktop\creative\web\super\node_modules\next\dist\server\next.js
- C:\Users\ntoya\Desktop\creative\web\super\node_modules\next\dist\server\lib\start-server.js
- C:\Users\ntoya\Desktop\creative\web\super\node_modules\next\dist\cli\next-start.js
    at Module.<anonymous> (node:internal/modules/cjs/loader:1421:15)
    at C:\Users\ntoya\Desktop\creative\web\super\node_modules\next\dist\server\require-hook.js:55:36
    at defaultResolveImpl (node:internal/modules/cjs/loader:1059:19)
    at resolveForCJSWithHooks (node:internal/modules/cjs/loader:1064:22)
    at Module._load (node:internal/modules/cjs/loader:1227:37)
    at TracingChannel.traceSync (node:diagnostics_channel:328:14)
    at wrapModuleLoad (node:internal/modules/cjs/loader:245:24)
    at Module.<anonymous> (node:internal/modules/cjs/loader:1504:12)
    at mod.require (C:\Users\ntoya\Desktop\creative\web\super\node_modules\next\dist\server\require-hook.js:65:28)
    at require (node:internal/modules/helpers:152:16) {
  code: 'MODULE_NOT_FOUND',
  requireStack: [
    'C:\\Users\\ntoya\\Desktop\\creative\\web\\super\\node_modules\\next\\dist\\server\\require.js',
    'C:\\Users\\ntoya\\Desktop\\creative\\web\\super\\node_modules\\next\\dist\\server\\next-server.js',
    'C:\\Users\\ntoya\\Desktop\\creative\\web\\super\\node_modules\\next\\dist\\server\\next.js',
    'C:\\Users\\ntoya\\Desktop\\creative\\web\\super\\node_modules\\next\\dist\\server\\lib\\start-server.js',
    'C:\\Users\\ntoya\\Desktop\\creative\\web\\super\\node_modules\\next\\dist\\cli\\next-start.js'
  ]
}
 ⨯ Error: Cannot find module 'C:\Users\ntoya\Desktop\creative\web\super\.next\server\pages\_error.js'
Require stack:
- C:\Users\ntoya\Desktop\creative\web\super\node_modules\next\dist\server\require.js
- C:\Users\ntoya\Desktop\creative\web\super\node_modules\next\dist\server\next-server.js
- C:\Users\ntoya\Desktop\creative\web\super\node_modules\next\dist\server\next.js
- C:\Users\ntoya\Desktop\creative\web\super\node_modules\next\dist\server\lib\start-server.js
- C:\Users\ntoya\Desktop\creative\web\super\node_modules\next\dist\cli\next-start.js
    at Module.<anonymous> (node:internal/modules/cjs/loader:1421:15)
    at C:\Users\ntoya\Desktop\creative\web\super\node_modules\next\dist\server\require-hook.js:55:36
    at defaultResolveImpl (node:internal/modules/cjs/loader:1059:19)
    at resolveForCJSWithHooks (node:internal/modules/cjs/loader:1064:22)
    at Module._load (node:internal/modules/cjs/loader:1227:37)
    at TracingChannel.traceSync (node:diagnostics_channel:328:14)
    at wrapModuleLoad (node:internal/modules/cjs/loader:245:24)
    at Module.<anonymous> (node:internal/modules/cjs/loader:1504:12)
    at mod.require (C:\Users\ntoya\Desktop\creative\web\super\node_modules\next\dist\server\require-hook.js:65:28)
    at require (node:internal/modules/helpers:152:16) {
  code: 'MODULE_NOT_FOUND',
  requireStack: [
    'C:\\Users\\ntoya\\Desktop\\creative\\web\\super\\node_modules\\next\\dist\\server\\require.js',
    'C:\\Users\\ntoya\\Desktop\\creative\\web\\super\\node_modules\\next\\dist\\server\\next-server.js',
    'C:\\Users\\ntoya\\Desktop\\creative\\web\\super\\node_modules\\next\\dist\\server\\next.js',
    'C:\\Users\\ntoya\\Desktop\\creative\\web\\super\\node_modules\\next\\dist\\server\\lib\\start-server.js',
    'C:\\Users\\ntoya\\Desktop\\creative\\web\\super\\node_modules\\next\\dist\\cli\\next-start.js'
  ]
}
 ⨯ Error: Cannot find module 'C:\Users\ntoya\Desktop\creative\web\super\.next\server\pages\_error.js'
Require stack:
- C:\Users\ntoya\Desktop\creative\web\super\node_modules\next\dist\server\require.js
- C:\Users\ntoya\Desktop\creative\web\super\node_modules\next\dist\server\next-server.js
- C:\Users\ntoya\Desktop\creative\web\super\node_modules\next\dist\server\next.js
- C:\Users\ntoya\Desktop\creative\web\super\node_modules\next\dist\server\lib\start-server.js
- C:\Users\ntoya\Desktop\creative\web\super\node_modules\next\dist\cli\next-start.js
    at Module.<anonymous> (node:internal/modules/cjs/loader:1421:15)
    at C:\Users\ntoya\Desktop\creative\web\super\node_modules\next\dist\server\require-hook.js:55:36
    at defaultResolveImpl (node:internal/modules/cjs/loader:1059:19)
    at resolveForCJSWithHooks (node:internal/modules/cjs/loader:1064:22)
    at Module._load (node:internal/modules/cjs/loader:1227:37)
    at TracingChannel.traceSync (node:diagnostics_channel:328:14)
    at wrapModuleLoad (node:internal/modules/cjs/loader:245:24)
    at Module.<anonymous> (node:internal/modules/cjs/loader:1504:12)
    at mod.require (C:\Users\ntoya\Desktop\creative\web\super\node_modules\next\dist\server\require-hook.js:65:28)
    at require (node:internal/modules/helpers:152:16) {
  code: 'MODULE_NOT_FOUND',
  requireStack: [
    'C:\\Users\\ntoya\\Desktop\\creative\\web\\super\\node_modules\\next\\dist\\server\\require.js',
    'C:\\Users\\ntoya\\Desktop\\creative\\web\\super\\node_modules\\next\\dist\\server\\next-server.js',
    'C:\\Users\\ntoya\\Desktop\\creative\\web\\super\\node_modules\\next\\dist\\server\\next.js',
    'C:\\Users\\ntoya\\Desktop\\creative\\web\\super\\node_modules\\next\\dist\\server\\lib\\start-server.js',
    'C:\\Users\\ntoya\\Desktop\\creative\\web\\super\\node_modules\\next\\dist\\cli\\next-start.js'
  ]
}
^C^C